# do {tb_light_eye_v2_13_compile.do}
# Model Technology ModelSim SE-64 vmap 2020.4 Lib Mapping Utility 2020.10 Oct 13 2020
# vmap xil_defaultlib modelsim_lib/msim/xil_defaultlib 
# Modifying modelsim.ini
# Model Technology ModelSim SE-64 vlog 2020.4 Compiler 2020.10 Oct 13 2020
# Start time: 21:02:46 on Aug 22,2022
# vlog -incr -mfcu -work ../../../../src/gray_driv.v 
#     The vlog command compiles Verilog source code and SystemVerilog extensions
#     into a specified working library (or to the work library by default).
#     Compressed SystemVerilog source files (those compressed with zlib) are
#     accepted.
#     
#     The vlog command may be invoked from within Questa SIM or from the
#     operating system command prompt. It may also be invoked during simulation.
#     Compiled libraries are major-version dependent. When moving between major
#     version, you have to refresh compiled libraries using the -refresh argument
#     to vlog. This is not true for minor versions (letter releases).
#     
#     All arguments to the vlog command are case sensitive. For example, -WORK
#     and -work are not equivalent.
#     
#     SystemVerilog requires that the default behavior of the vlog command is to
#     treat each Verilog design file listed on the command line as a separate
#     compilation unit. To treat multiple files listed within a single command
#     line as a single compilation unit, use either the vlog -mfcu argument or
#     the MultiFileCompilationUnit in the User's Manual
#     
#     Try the following to get help on specific options or categories: 
# 
#     vlog -help all            : List all categories and options
#     vlog -help category       : List all categories
#     vlog -help <option>       : Help on an option
#     vlog -help <command-line> : Help on all options in a command-line
#     vlog -help <category>     : List all options in a category
# 
#     Category:       The list of categories in vlog tool.
# 
#     General         List most common general options
#     Analog          List options supporting analog mixed-signal (AMS)
#     Coverage        List options for Coverage
#     Cpp             List options supporting SystemC module
#     Debug           List options for debug, and assertion
#     GLS             List options for Gate Level Simulation
#     Language        List all options supported by hardware language Verilog/VHDL
#     Library         List options for design, work library
#     Messages        List all warn, error, note, fatal messages options
#     Optimize        List options for optimization
# ** Error: E:/software_fpga/modelsim/win64/vlog failed.
# Error in macro ./tb_light_eye_v2_13_compile.do line 18
# E:/software_fpga/modelsim/win64/vlog failed.
#     while executing
# "vlog  -incr -mfcu -work   \
# "../../../../src/gray_driv.v" \
# "
