#-----------------------------------------------------------
# Vivado v2021.1 (64-bit)
# SW Build 3247384 on Thu Jun 10 19:36:33 MDT 2021
# IP Build 3246043 on Fri Jun 11 00:30:35 MDT 2021
# Start of session at: Mon Aug 22 21:29:54 2022
# Process ID: 12632
# Current directory: D:/e1_library/f2_light_eye_plat2/light_eye_pl_core/light_eye_v2_2.ips/core_shk_chose
# Command line: vivado.exe -gui_launcher_event rodinguilauncherevent8696 D:\e1_library\f2_light_eye_plat2\light_eye_pl_core\light_eye_v2_2.ips\core_shk_chose\light_eye_v2_02_core.xpr
# Log file: D:/e1_library/f2_light_eye_plat2/light_eye_pl_core/light_eye_v2_2.ips/core_shk_chose/vivado.log
# Journal file: D:/e1_library/f2_light_eye_plat2/light_eye_pl_core/light_eye_v2_2.ips/core_shk_chose\vivado.jou
#-----------------------------------------------------------
INFO: [Common 17-1460] Use of init.tcl in C:/Users/FJB/AppData/Roaming/Xilinx/Vivado/init.tcl is deprecated. Please use Vivado_init.tcl 
Sourcing tcl script 'C:/Users/FJB/AppData/Roaming/Xilinx/Vivado/init.tcl'
start_gui
open_project D:/e1_library/f2_light_eye_plat2/light_eye_pl_core/light_eye_v2_2.ips/core_shk_chose/light_eye_v2_02_core.xpr
INFO: [ProjectBase 1-489] The host OS only allows 260 characters in a normal path. The project is stored in a path with more than 80 characters. If you experience issues with IP, Block Designs, or files not being found, please consider moving the project to a location with a shorter path. Alternately consider using the OS subst command to map part of the path to a drive letter.
Current project path is 'D:/e1_library/f2_light_eye_plat2/light_eye_pl_core/light_eye_v2_2.ips/core_shk_chose'
INFO: [Project 1-313] Project file moved from 'd:/e1_library/f2_light_eye_plat2/light_eye_pl_demo2/light_eye_v2_02.cores' since last save.
INFO: [filemgmt 56-1] IP Repository Path: Directory not found as 'D:/e1_library/f2_light_eye_plat2/light_eye_pl_core/light_eye_v2_2.ips/light_eye_v2_02.ips'; using path 'd:/e1_library/f2_light_eye_plat2/light_eye_pl_demo2/light_eye_v2_02.ips' instead.
WARNING: [filemgmt 56-2] Default IP Output Path : Could not find the directory 'D:/e1_library/f2_light_eye_plat2/light_eye_pl_core/light_eye_v2_2.ips/core_shk_chose/light_eye_v2_02_core.gen/sources_1', nor could it be found using path 'd:/e1_library/f2_light_eye_plat2/light_eye_pl_demo2/light_eye_v2_02.cores/light_eye_v2_02_core.gen/sources_1'.
Scanning sources...
Finished scanning sources
INFO: [IP_Flow 19-234] Refreshing IP repositories
INFO: [IP_Flow 19-1700] Loaded user IP repository 'd:/e1_library/f2_light_eye_plat2/light_eye_pl_demo2/light_eye_v2_02.ips'.
INFO: [IP_Flow 19-2313] Loaded Vivado IP repository 'E:/software_fpga/xilinx_software/Vivado/2021.1/data/ip'.
open_project: Time (s): cpu = 00:00:16 ; elapsed = 00:00:06 . Memory (MB): peak = 1257.484 ; gain = 0.000
update_compile_order -fileset sources_1
ipx::open_ipxact_file {D:\e1_library\f2_light_eye_plat2\light_eye_pl_core\light_eye_v2_2.ips\core_shk_chose\component.xml}
WARNING: [IP_Flow 19-5226] Project source file 'd:/e1_library/f2_light_eye_plat2/light_eye_pl_core/light_eye_v2_2.ips/core_shk_chose/component.xml' ignored by IP packager.
WARNING: [IP_Flow 19-3898] File Group 'xilinx_anylanguagesynthesis (Synthesis)': File 'd:/e1_library/f2_light_eye_plat2/light_eye_pl_core/light_eye_v2_2.ips/core_shk_chose/src/physic.xdc' is not found in the project sources. It will be removed from the packaged IP when the sources are merged. If still required, please add this file to the project and re-package.
WARNING: [IP_Flow 19-3898] File Group 'xilinx_anylanguagesynthesis (Synthesis)': File 'd:/e1_library/f2_light_eye_plat2/light_eye_pl_core/light_eye_v2_2.ips/core_shk_chose/src/timing.xdc' is not found in the project sources. It will be removed from the packaged IP when the sources are merged. If still required, please add this file to the project and re-package.
WARNING: [IP_Flow 19-3898] File Group 'xilinx_anylanguagesynthesis (Synthesis)': File 'd:/e1_library/f2_light_eye_plat2/light_eye_pl_core/light_eye_v2_2.ips/core_shk_chose/src/shk_chose.v' is not found in the project sources. It will be removed from the packaged IP when the sources are merged. If still required, please add this file to the project and re-package.
WARNING: [IP_Flow 19-3898] File Group 'xilinx_anylanguagebehavioralsimulation (Simulation)': File 'd:/e1_library/f2_light_eye_plat2/light_eye_pl_core/light_eye_v2_2.ips/core_shk_chose/src/shk_chose.v' is not found in the project sources. It will be removed from the packaged IP when the sources are merged. If still required, please add this file to the project and re-package.
ipx::merge_project_changes hdl_parameters [ipx::current_core]
WARNING: [IP_Flow 19-5226] Project source file 'd:/e1_library/f2_light_eye_plat2/light_eye_pl_core/light_eye_v2_2.ips/core_shk_chose/component.xml' ignored by IP packager.
ipx::add_file_group -type readme {} [ipx::current_core]
ipx::add_file D:/e1_library/f2_light_eye_plat2/light_eye_pl_core/light_eye_v2_2.ips/core_shk_chose/src/version.md [ipx::get_file_groups xilinx_readme -of_objects [ipx::current_core]]
set_property type unknown [ipx::get_files src/version.md -of_objects [ipx::get_file_groups xilinx_readme -of_objects [ipx::current_core]]]
set_property core_revision 2 [ipx::current_core]
ipx::create_xgui_files [ipx::current_core]
ipx::update_checksums [ipx::current_core]
ipx::check_integrity [ipx::current_core]
INFO: [IP_Flow 19-2181] Payment Required is not set for this core.
INFO: [IP_Flow 19-2187] The Product Guide file is missing.
INFO: [Ipptcl 7-1486] check_integrity: Integrity check passed.
ipx::save_core [ipx::current_core]
set_property  ip_repo_paths  {d:/e1_library/f2_light_eye_plat2/light_eye_pl_core/light_eye_v2_2.ips/core_shk_chose d:/e1_library/f2_light_eye_plat2/light_eye_pl_demo2/light_eye_v2_02.ips} [current_project]
update_ip_catalog
INFO: [IP_Flow 19-234] Refreshing IP repositories
INFO: [IP_Flow 19-1700] Loaded user IP repository 'd:/e1_library/f2_light_eye_plat2/light_eye_pl_core/light_eye_v2_2.ips/core_shk_chose'.
INFO: [IP_Flow 19-1700] Loaded user IP repository 'd:/e1_library/f2_light_eye_plat2/light_eye_pl_demo2/light_eye_v2_02.ips'.
exit
INFO: [Common 17-206] Exiting Vivado at Mon Aug 22 22:12:04 2022...
